05/21/2024 02:40:33 PM: INFO: ***** Test_003_AddCustomers *****
05/21/2024 02:40:37 PM: INFO: *********** Login Successfully ************
05/21/2024 02:40:37 PM: INFO: ************ Started Add Customer Test ************
05/21/2024 02:40:40 PM: INFO: ********* Providing Customer Information ************
05/21/2024 02:40:43 PM: INFO: ******** Saving Account information ********
05/21/2024 02:40:43 PM: INFO: ******* Add Customer validation Started *********
05/21/2024 02:40:44 PM: INFO: ****** Add Customer Test Passed *******
05/21/2024 02:40:44 PM: INFO: ********** Ending Home Page Title testing ***********
05/21/2024 02:40:44 PM: INFO: *-------------------------------****--------------------------------*
05/21/2024 02:40:47 PM: INFO: ******************** Test_001_Login ***************************
05/21/2024 02:40:47 PM: INFO: ******************** Verifying Home Page **********************
05/21/2024 02:40:50 PM: INFO: ************* test_homePageTitle test case is Passed **************
05/21/2024 02:40:53 PM: INFO: ******************** Test_001_Login ***************************
05/21/2024 02:40:53 PM: INFO: ******************** Verifying Login Page **********************
05/21/2024 02:40:58 PM: INFO: ************* test_login test case is Passed **************
05/21/2024 02:40:58 PM: INFO: *-------------------------------****--------------------------------*
05/21/2024 02:41:01 PM: INFO: ******************** Test_002_DDT_Login ************************
05/21/2024 02:41:01 PM: INFO: **************** Verifying Login Page *****************
05/21/2024 02:41:10 PM: INFO: ***** Passed *****
05/21/2024 02:41:18 PM: INFO: ***** Passed *****
05/21/2024 02:41:23 PM: INFO: ***** Passed *****
05/21/2024 02:41:29 PM: INFO: ***** Passed *****
05/21/2024 02:41:29 PM: INFO: ****** Login DDT testdata Passed... *******
05/21/2024 02:41:30 PM: INFO: ***** End of Login Page DDT test *****
05/21/2024 02:41:30 PM: INFO: ***** Completed Test_002_DDT_Login 
05/21/2024 02:41:30 PM: INFO: *-------------------------------****--------------------------------*
05/21/2024 02:41:32 PM: INFO: ***** Test_004_SearchCustomersByEmail *****
05/21/2024 02:41:36 PM: INFO: *********** Login Successfully ************
05/21/2024 02:41:36 PM: INFO: ************ Starting Search Customer by Email ************
05/21/2024 02:41:37 PM: INFO: *********** Searching Customer By Email **************
05/21/2024 02:41:43 PM: INFO: *************** TC_searchByEmail Finished **************
05/21/2024 02:41:43 PM: INFO: *-------------------------------****--------------------------------*
05/21/2024 02:41:46 PM: INFO: ***** Test_005_SearchCustomersByName *****
05/21/2024 02:41:49 PM: INFO: *********** Login Successfully ************
05/21/2024 02:41:49 PM: INFO: ************ Starting Search Customer by Name ************
05/21/2024 02:41:51 PM: INFO: *********** Searching Customer By Name **************
05/21/2024 02:41:57 PM: INFO: *************** TC_searchByName Finished **************
05/21/2024 02:41:57 PM: INFO: *-------------------------------****--------------------------------*
05/21/2024 03:21:09 PM: INFO: ***** Test_005_SearchCustomersByName *****
05/21/2024 03:21:13 PM: INFO: *********** Login Successfully ************
05/21/2024 03:21:13 PM: INFO: ************ Starting Search Customer by Name ************
05/21/2024 03:21:15 PM: INFO: *********** Searching Customer By Name **************
05/21/2024 03:21:21 PM: INFO: *************** TC_searchByName Finished **************
05/21/2024 03:21:21 PM: INFO: *-------------------------------****--------------------------------*
05/21/2024 07:38:15 PM: INFO: ***** Test_005_SearchCustomersByName *****
05/21/2024 07:38:18 PM: INFO: *********** Login Successfully ************
05/21/2024 07:38:18 PM: INFO: ************ Starting Search Customer by Name ************
05/21/2024 07:38:20 PM: INFO: *********** Searching Customer By Name **************
05/21/2024 07:38:26 PM: INFO: *************** TC_searchByName Finished **************
05/21/2024 07:38:26 PM: INFO: *-------------------------------****--------------------------------*
05/21/2024 10:39:20 PM: INFO: ***** Test_003_AddCustomers *****
05/21/2024 10:39:23 PM: INFO: *********** Login Successfully ************
05/21/2024 10:39:23 PM: INFO: ************ Started Add Customer Test ************
05/21/2024 10:39:26 PM: INFO: ********* Providing Customer Information ************
05/21/2024 10:39:28 PM: INFO: ******** Saving Account information ********
05/21/2024 10:39:28 PM: INFO: ******* Add Customer validation Started *********
05/21/2024 10:39:29 PM: INFO: ****** Add Customer Test Passed *******
05/21/2024 10:39:29 PM: INFO: ********** Ending Home Page Title testing ***********
05/21/2024 10:39:29 PM: INFO: *-------------------------------****--------------------------------*
05/21/2024 10:39:32 PM: INFO: ******************** Test_001_Login ***************************
05/21/2024 10:39:32 PM: INFO: ******************** Verifying Home Page **********************
05/21/2024 10:39:34 PM: INFO: ************* test_homePageTitle test case is Passed **************
05/21/2024 10:39:37 PM: INFO: ******************** Test_001_Login ***************************
05/21/2024 10:39:37 PM: INFO: ******************** Verifying Login Page **********************
05/21/2024 10:39:41 PM: INFO: ************* test_login test case is Passed **************
05/21/2024 10:39:41 PM: INFO: *-------------------------------****--------------------------------*
05/21/2024 10:39:43 PM: INFO: ******************** Test_002_DDT_Login ************************
05/21/2024 10:39:43 PM: INFO: **************** Verifying Login Page *****************
05/21/2024 10:39:51 PM: INFO: ***** Passed *****
05/21/2024 10:39:58 PM: INFO: ***** Passed *****
05/21/2024 10:40:04 PM: INFO: ***** Passed *****
05/21/2024 10:40:09 PM: INFO: ***** Passed *****
05/21/2024 10:40:09 PM: INFO: ****** Login DDT testdata Passed... *******
05/21/2024 10:40:10 PM: INFO: ***** End of Login Page DDT test *****
05/21/2024 10:40:10 PM: INFO: ***** Completed Test_002_DDT_Login 
05/21/2024 10:40:10 PM: INFO: *-------------------------------****--------------------------------*
05/21/2024 10:40:12 PM: INFO: ***** Test_004_SearchCustomersByEmail *****
05/21/2024 10:40:15 PM: INFO: *********** Login Successfully ************
05/21/2024 10:40:15 PM: INFO: ************ Starting Search Customer by Email ************
05/21/2024 10:40:16 PM: INFO: *********** Searching Customer By Email **************
05/21/2024 10:40:22 PM: INFO: *************** TC_searchByEmail Finished **************
05/21/2024 10:40:22 PM: INFO: *-------------------------------****--------------------------------*
05/21/2024 10:40:24 PM: INFO: ***** Test_005_SearchCustomersByName *****
05/21/2024 10:40:27 PM: INFO: *********** Login Successfully ************
05/21/2024 10:40:27 PM: INFO: ************ Starting Search Customer by Name ************
05/21/2024 10:40:28 PM: INFO: *********** Searching Customer By Name **************
05/21/2024 10:40:34 PM: INFO: *************** TC_searchByName Finished **************
05/21/2024 10:40:34 PM: INFO: *-------------------------------****--------------------------------*
05/22/2024 02:10:38 PM: INFO: ***** Test_003_AddCustomers *****
05/22/2024 02:10:45 PM: INFO: *********** Login Successfully ************
05/22/2024 02:10:45 PM: INFO: ************ Started Add Customer Test ************
05/22/2024 02:10:50 PM: INFO: ********* Providing Customer Information ************
05/22/2024 02:10:54 PM: INFO: ******** Saving Account information ********
05/22/2024 02:10:54 PM: INFO: ******* Add Customer validation Started *********
05/22/2024 02:10:55 PM: INFO: ****** Add Customer Test Passed *******
05/22/2024 02:10:56 PM: INFO: ********** Ending Home Page Title testing ***********
05/22/2024 02:10:56 PM: INFO: *-------------------------------****--------------------------------*
05/22/2024 02:11:00 PM: INFO: ******************** Test_001_Login ***************************
05/22/2024 02:11:00 PM: INFO: ******************** Verifying Home Page **********************
05/22/2024 02:11:06 PM: INFO: ************* test_homePageTitle test case is Passed **************
05/22/2024 02:11:10 PM: INFO: ******************** Test_001_Login ***************************
05/22/2024 02:11:10 PM: INFO: ******************** Verifying Login Page **********************
05/22/2024 02:11:31 PM: INFO: ************* test_login test case is Passed **************
05/22/2024 02:11:31 PM: INFO: *-------------------------------****--------------------------------*
05/22/2024 02:11:35 PM: INFO: ******************** Test_002_DDT_Login ************************
05/22/2024 02:11:35 PM: INFO: **************** Verifying Login Page *****************
05/22/2024 02:11:48 PM: INFO: ***** Passed *****
05/22/2024 02:11:56 PM: INFO: ***** Passed *****
05/22/2024 02:12:02 PM: INFO: ***** Passed *****
05/22/2024 02:12:08 PM: INFO: ***** Passed *****
05/22/2024 02:12:08 PM: INFO: ****** Login DDT testdata Passed... *******
05/22/2024 02:12:08 PM: INFO: ***** End of Login Page DDT test *****
05/22/2024 02:12:08 PM: INFO: ***** Completed Test_002_DDT_Login 
05/22/2024 02:12:08 PM: INFO: *-------------------------------****--------------------------------*
05/22/2024 02:12:12 PM: INFO: ***** Test_004_SearchCustomersByEmail *****
05/24/2024 08:07:08 PM: INFO: ******************** Test_001_Login ***************************
05/24/2024 08:07:08 PM: INFO: ******************** Verifying Home Page **********************
05/24/2024 08:07:18 PM: INFO: ************* test_homePageTitle test case is Passed **************
05/24/2024 08:07:22 PM: INFO: ******************** Test_001_Login ***************************
05/24/2024 08:07:22 PM: INFO: ******************** Verifying Login Page **********************
05/24/2024 08:08:45 PM: INFO: ************* test_login test case is Passed **************
05/24/2024 08:08:45 PM: INFO: *-------------------------------****--------------------------------*
05/24/2024 08:12:05 PM: INFO: ******************** Test_001_Login ***************************
05/24/2024 08:12:05 PM: INFO: ******************** Verifying Home Page **********************
05/24/2024 08:12:09 PM: INFO: ************* test_homePageTitle test case is Passed **************
05/24/2024 08:12:14 PM: INFO: ******************** Test_001_Login ***************************
05/24/2024 08:12:14 PM: INFO: ******************** Verifying Login Page **********************
05/24/2024 08:12:20 PM: INFO: ************* test_login test case is Passed **************
05/24/2024 08:12:20 PM: INFO: *-------------------------------****--------------------------------*
05/24/2024 08:12:51 PM: INFO: ******************** Test_001_Login ***************************
05/24/2024 08:12:51 PM: INFO: ******************** Verifying Home Page **********************
05/24/2024 08:12:53 PM: INFO: ************* test_homePageTitle test case is Passed **************
05/24/2024 08:12:58 PM: INFO: ******************** Test_001_Login ***************************
05/24/2024 08:12:58 PM: INFO: ******************** Verifying Login Page **********************
05/24/2024 08:18:09 PM: INFO: ******************** Test_001_Login ***************************
05/24/2024 08:18:09 PM: INFO: ******************** Verifying Home Page **********************
05/24/2024 08:18:12 PM: INFO: ************* test_homePageTitle test case is Passed **************
05/24/2024 08:18:18 PM: INFO: ******************** Test_001_Login ***************************
05/24/2024 08:18:18 PM: INFO: ******************** Verifying Login Page **********************
05/24/2024 08:18:26 PM: INFO: ************* test_login test case is Passed **************
05/24/2024 08:18:26 PM: INFO: *-------------------------------****--------------------------------*
05/24/2024 08:20:38 PM: INFO: ***** Test_003_AddCustomers *****
05/24/2024 08:21:07 PM: INFO: *********** Login Successfully ************
05/24/2024 08:21:07 PM: INFO: ************ Started Add Customer Test ************
05/24/2024 08:21:20 PM: INFO: ********* Providing Customer Information ************
05/24/2024 08:21:29 PM: INFO: ******************** Test_001_Login ***************************
05/24/2024 08:21:29 PM: INFO: ******************** Verifying Home Page **********************
05/24/2024 08:21:31 PM: INFO: ************* test_homePageTitle test case is Passed **************
05/24/2024 08:21:37 PM: INFO: ******************** Test_001_Login ***************************
05/24/2024 08:21:37 PM: INFO: ******************** Verifying Login Page **********************
05/24/2024 08:21:43 PM: INFO: ************* test_login test case is Passed **************
05/24/2024 08:21:43 PM: INFO: *-------------------------------****--------------------------------*
05/24/2024 08:21:48 PM: INFO: ******************** Test_002_DDT_Login ************************
05/24/2024 08:21:48 PM: INFO: **************** Verifying Login Page *****************
05/24/2024 08:23:03 PM: INFO: ***** Test_004_SearchCustomersByEmail *****
05/24/2024 08:24:19 PM: INFO: ***** Test_003_AddCustomers *****
05/24/2024 08:26:12 PM: INFO: *********** Login Successfully ************
05/24/2024 08:26:12 PM: INFO: ************ Started Add Customer Test ************
05/24/2024 08:28:19 PM: INFO: ***** Test_003_AddCustomers *****
05/24/2024 08:28:28 PM: INFO: *********** Login Successfully ************
05/24/2024 08:28:28 PM: INFO: ************ Started Add Customer Test ************
05/24/2024 08:28:31 PM: INFO: ********* Providing Customer Information ************
05/24/2024 08:28:34 PM: INFO: ******** Saving Account information ********
05/24/2024 08:28:34 PM: INFO: ******* Add Customer validation Started *********
05/24/2024 08:28:35 PM: INFO: ****** Add Customer Test Passed *******
05/24/2024 08:28:36 PM: INFO: ********** Ending Home Page Title testing ***********
05/24/2024 08:28:36 PM: INFO: *-------------------------------****--------------------------------*
05/24/2024 08:28:41 PM: INFO: ******************** Test_001_Login ***************************
05/24/2024 08:28:41 PM: INFO: ******************** Verifying Home Page **********************
05/24/2024 08:28:45 PM: INFO: ************* test_homePageTitle test case is Passed **************
05/24/2024 08:28:51 PM: INFO: ******************** Test_001_Login ***************************
05/24/2024 08:28:51 PM: INFO: ******************** Verifying Login Page **********************
05/24/2024 08:30:31 PM: INFO: ************* test_login test case is Passed **************
05/24/2024 08:30:31 PM: INFO: *-------------------------------****--------------------------------*
05/24/2024 08:30:37 PM: INFO: ******************** Test_002_DDT_Login ************************
05/24/2024 08:30:37 PM: INFO: **************** Verifying Login Page *****************
05/24/2024 08:30:48 PM: INFO: ***** Passed *****
05/24/2024 08:30:55 PM: INFO: ***** Passed *****
05/24/2024 08:31:01 PM: INFO: ***** Passed *****
05/24/2024 08:31:07 PM: INFO: ***** Passed *****
05/24/2024 08:31:07 PM: INFO: ****** Login DDT testdata Passed... *******
05/24/2024 08:31:07 PM: INFO: ***** End of Login Page DDT test *****
05/24/2024 08:31:07 PM: INFO: ***** Completed Test_002_DDT_Login 
05/24/2024 08:31:07 PM: INFO: *-------------------------------****--------------------------------*
05/24/2024 08:31:16 PM: INFO: ***** Test_004_SearchCustomersByEmail *****
05/24/2024 08:35:33 PM: INFO: *********** Login Successfully ************
05/24/2024 08:35:33 PM: INFO: ************ Starting Search Customer by Email ************
05/24/2024 08:36:33 PM: INFO: *********** Searching Customer By Email **************
05/24/2024 08:36:39 PM: INFO: *************** TC_searchByEmail Finished **************
05/24/2024 08:36:39 PM: INFO: *-------------------------------****--------------------------------*
05/24/2024 08:36:45 PM: INFO: ***** Test_005_SearchCustomersByName *****
05/24/2024 08:39:18 PM: INFO: *********** Login Successfully ************
05/24/2024 08:39:18 PM: INFO: ************ Starting Search Customer by Name ************
05/24/2024 08:39:48 PM: INFO: *********** Searching Customer By Name **************
05/24/2024 09:23:17 PM: INFO: ***** Test_003_AddCustomers *****
05/24/2024 09:23:22 PM: INFO: *********** Login Successfully ************
05/24/2024 09:23:22 PM: INFO: ************ Started Add Customer Test ************
05/24/2024 09:23:25 PM: INFO: ********* Providing Customer Information ************
05/24/2024 09:23:28 PM: INFO: ******** Saving Account information ********
05/24/2024 09:23:28 PM: INFO: ******* Add Customer validation Started *********
05/24/2024 09:23:29 PM: INFO: ****** Add Customer Test Passed *******
05/24/2024 09:23:29 PM: INFO: ********** Ending Home Page Title testing ***********
05/24/2024 09:23:29 PM: INFO: *-------------------------------****--------------------------------*
05/24/2024 09:23:36 PM: INFO: ******************** Test_001_Login ***************************
05/24/2024 09:23:36 PM: INFO: ******************** Verifying Home Page **********************
05/24/2024 09:23:41 PM: INFO: ************* test_homePageTitle test case is Passed **************
05/24/2024 09:23:48 PM: INFO: ******************** Test_001_Login ***************************
05/24/2024 09:23:48 PM: INFO: ******************** Verifying Login Page **********************
05/24/2024 09:29:00 PM: INFO: ******************** Test_002_DDT_Login ************************
05/24/2024 09:29:00 PM: INFO: **************** Verifying Login Page *****************
05/24/2024 09:29:59 PM: INFO: ***** Passed *****
05/24/2024 09:30:08 PM: INFO: ***** Passed *****
05/24/2024 09:30:14 PM: INFO: ***** Passed *****
05/24/2024 09:30:20 PM: INFO: ***** Passed *****
05/24/2024 09:30:20 PM: INFO: ****** Login DDT testdata Passed... *******
05/24/2024 09:30:20 PM: INFO: ***** End of Login Page DDT test *****
05/24/2024 09:30:20 PM: INFO: ***** Completed Test_002_DDT_Login 
05/24/2024 09:30:20 PM: INFO: *-------------------------------****--------------------------------*
05/24/2024 09:30:27 PM: INFO: ***** Test_004_SearchCustomersByEmail *****
05/24/2024 09:30:33 PM: INFO: *********** Login Successfully ************
05/24/2024 09:30:33 PM: INFO: ************ Starting Search Customer by Email ************
05/24/2024 09:30:35 PM: INFO: *********** Searching Customer By Email **************
05/24/2024 09:30:42 PM: INFO: *************** TC_searchByEmail Finished **************
05/24/2024 09:30:42 PM: INFO: *-------------------------------****--------------------------------*
05/24/2024 09:30:51 PM: INFO: ***** Test_005_SearchCustomersByName *****
05/24/2024 09:34:45 PM: INFO: *********** Login Successfully ************
05/24/2024 09:34:45 PM: INFO: ************ Starting Search Customer by Name ************
05/24/2024 09:36:42 PM: INFO: *********** Searching Customer By Name **************
05/24/2024 10:27:40 PM: INFO: ***** Test_005_SearchCustomersByName *****
05/24/2024 10:29:42 PM: INFO: *********** Login Successfully ************
05/24/2024 10:29:42 PM: INFO: ************ Starting Search Customer by Name ************
05/24/2024 10:30:18 PM: INFO: *********** Searching Customer By Name **************
05/24/2024 10:34:39 PM: INFO: ***** Test_005_SearchCustomersByName *****
05/24/2024 10:34:45 PM: INFO: *********** Login Successfully ************
05/24/2024 10:34:45 PM: INFO: ************ Starting Search Customer by Name ************
05/24/2024 10:34:47 PM: INFO: *********** Searching Customer By Name **************
05/24/2024 10:37:15 PM: INFO: ***** Test_005_SearchCustomersByName *****
05/24/2024 10:37:22 PM: INFO: *********** Login Successfully ************
05/24/2024 10:37:22 PM: INFO: ************ Starting Search Customer by Name ************
05/24/2024 10:37:25 PM: INFO: *********** Searching Customer By Name **************
05/24/2024 10:37:32 PM: INFO: *************** TC_searchByName Finished **************
05/24/2024 10:37:32 PM: INFO: *-------------------------------****--------------------------------*
05/24/2024 10:38:26 PM: INFO: ***** Test_003_AddCustomers *****
05/24/2024 10:42:25 PM: INFO: *********** Login Successfully ************
05/24/2024 10:42:25 PM: INFO: ************ Started Add Customer Test ************
05/24/2024 10:43:24 PM: INFO: ********* Providing Customer Information ************
05/24/2024 10:43:38 PM: INFO: ******************** Test_001_Login ***************************
05/24/2024 10:43:38 PM: INFO: ******************** Verifying Home Page **********************
05/24/2024 10:43:42 PM: INFO: ************* test_homePageTitle test case is Passed **************
05/24/2024 10:43:54 PM: INFO: ******************** Test_001_Login ***************************
05/24/2024 10:43:54 PM: INFO: ******************** Verifying Login Page **********************
05/24/2024 10:47:14 PM: INFO: ************* test_login test case is Passed **************
05/24/2024 10:47:14 PM: INFO: *-------------------------------****--------------------------------*
05/24/2024 10:47:25 PM: INFO: ******************** Test_002_DDT_Login ************************
05/24/2024 10:47:25 PM: INFO: **************** Verifying Login Page *****************
05/24/2024 10:49:03 PM: INFO: ***** Passed *****
05/24/2024 10:49:13 PM: INFO: ***** Passed *****
05/24/2024 10:49:19 PM: INFO: ***** Passed *****
05/24/2024 10:49:26 PM: INFO: ***** Passed *****
05/24/2024 10:49:26 PM: INFO: ****** Login DDT testdata Passed... *******
05/24/2024 10:49:26 PM: INFO: ***** End of Login Page DDT test *****
05/24/2024 10:49:26 PM: INFO: ***** Completed Test_002_DDT_Login 
05/24/2024 10:49:26 PM: INFO: *-------------------------------****--------------------------------*
05/24/2024 10:49:37 PM: INFO: ***** Test_004_SearchCustomersByEmail *****
05/24/2024 10:51:52 PM: INFO: *********** Login Successfully ************
05/24/2024 10:51:52 PM: INFO: ************ Starting Search Customer by Email ************
05/24/2024 10:56:04 PM: INFO: *********** Searching Customer By Email **************
05/24/2024 10:56:21 PM: INFO: ***** Test_005_SearchCustomersByName *****
05/24/2024 10:57:22 PM: INFO: *********** Login Successfully ************
05/24/2024 10:57:22 PM: INFO: ************ Starting Search Customer by Name ************
05/24/2024 10:58:22 PM: INFO: *********** Searching Customer By Name **************
05/25/2024 11:29:26 AM: INFO: ***** Test_003_AddCustomers *****
05/25/2024 11:29:31 AM: INFO: *********** Login Successfully ************
05/25/2024 11:29:31 AM: INFO: ************ Started Add Customer Test ************
05/25/2024 11:29:34 AM: INFO: ********* Providing Customer Information ************
05/25/2024 11:29:38 AM: INFO: ******** Saving Account information ********
05/25/2024 11:29:38 AM: INFO: ******* Add Customer validation Started *********
05/25/2024 11:29:39 AM: INFO: ****** Add Customer Test Passed *******
05/25/2024 11:29:45 AM: INFO: ********** Ending Home Page Title testing ***********
05/25/2024 11:29:45 AM: INFO: *-------------------------------****--------------------------------*
05/25/2024 11:29:54 AM: INFO: ******************** Test_001_Login ***************************
05/25/2024 11:29:54 AM: INFO: ******************** Verifying Home Page **********************
05/25/2024 11:29:57 AM: INFO: ************* test_homePageTitle test case is Passed **************
05/25/2024 11:30:06 AM: INFO: ******************** Test_001_Login ***************************
05/25/2024 11:30:06 AM: INFO: ******************** Verifying Login Page **********************
05/25/2024 11:30:11 AM: INFO: ************* test_login test case is Passed **************
05/25/2024 11:30:11 AM: INFO: *-------------------------------****--------------------------------*
05/25/2024 11:30:21 AM: INFO: ******************** Test_002_DDT_Login ************************
05/25/2024 11:30:21 AM: INFO: **************** Verifying Login Page *****************
05/25/2024 11:30:30 AM: INFO: ***** Passed *****
05/25/2024 11:30:38 AM: INFO: ***** Passed *****
05/25/2024 11:30:45 AM: INFO: ***** Passed *****
05/25/2024 11:30:51 AM: INFO: ***** Passed *****
05/25/2024 11:30:51 AM: INFO: ****** Login DDT testdata Passed... *******
05/25/2024 11:30:52 AM: INFO: ***** End of Login Page DDT test *****
05/25/2024 11:30:52 AM: INFO: ***** Completed Test_002_DDT_Login 
05/25/2024 11:30:52 AM: INFO: *-------------------------------****--------------------------------*
05/25/2024 11:31:02 AM: INFO: ***** Test_004_SearchCustomersByEmail *****
05/25/2024 11:31:07 AM: INFO: *********** Login Successfully ************
05/25/2024 11:31:07 AM: INFO: ************ Starting Search Customer by Email ************
05/25/2024 11:31:10 AM: INFO: *********** Searching Customer By Email **************
05/25/2024 11:31:17 AM: INFO: *************** TC_searchByEmail Finished **************
05/25/2024 11:31:17 AM: INFO: *-------------------------------****--------------------------------*
05/25/2024 11:31:27 AM: INFO: ***** Test_005_SearchCustomersByName *****
05/25/2024 11:31:31 AM: INFO: *********** Login Successfully ************
05/25/2024 11:31:31 AM: INFO: ************ Starting Search Customer by Name ************
05/25/2024 11:31:34 AM: INFO: *********** Searching Customer By Name **************
05/25/2024 11:31:41 AM: INFO: *************** TC_searchByName Finished **************
05/25/2024 11:31:41 AM: INFO: *-------------------------------****--------------------------------*
05/25/2024 11:54:41 AM: INFO: ***** Test_003_AddCustomers *****
05/25/2024 11:54:50 AM: INFO: *********** Login Successfully ************
05/25/2024 11:54:50 AM: INFO: ************ Started Add Customer Test ************
05/25/2024 11:55:00 AM: INFO: ******************** Test_001_Login ***************************
05/25/2024 11:55:00 AM: INFO: ******************** Verifying Home Page **********************
05/25/2024 11:55:03 AM: INFO: ************* test_homePageTitle test case is Passed **************
05/25/2024 11:55:11 AM: INFO: ******************** Test_001_Login ***************************
05/25/2024 11:55:11 AM: INFO: ******************** Verifying Login Page **********************
05/25/2024 11:55:18 AM: INFO: ************* test_login test case is Passed **************
05/25/2024 11:55:18 AM: INFO: *-------------------------------****--------------------------------*
05/25/2024 11:55:27 AM: INFO: ******************** Test_002_DDT_Login ************************
05/25/2024 11:55:27 AM: INFO: **************** Verifying Login Page *****************
05/25/2024 11:55:37 AM: INFO: ***** Passed *****
05/25/2024 11:55:45 AM: INFO: ***** Passed *****
05/25/2024 11:55:51 AM: INFO: ***** Passed *****
05/25/2024 11:55:57 AM: INFO: ***** Passed *****
05/25/2024 11:55:57 AM: INFO: ****** Login DDT testdata Passed... *******
05/25/2024 11:55:57 AM: INFO: ***** End of Login Page DDT test *****
05/25/2024 11:55:57 AM: INFO: ***** Completed Test_002_DDT_Login 
05/25/2024 11:55:57 AM: INFO: *-------------------------------****--------------------------------*
05/25/2024 11:56:06 AM: INFO: ***** Test_004_SearchCustomersByEmail *****
05/25/2024 11:56:11 AM: INFO: *********** Login Successfully ************
05/25/2024 11:56:11 AM: INFO: ************ Starting Search Customer by Email ************
05/25/2024 11:56:20 AM: INFO: ***** Test_005_SearchCustomersByName *****
05/25/2024 11:56:27 AM: INFO: *********** Login Successfully ************
05/25/2024 11:56:27 AM: INFO: ************ Starting Search Customer by Name ************
